mode: set
github.com/sigstore/timestamp-authority/pkg/ntpmonitor/config.go:19.47,21.16 2 0
github.com/sigstore/timestamp-authority/pkg/ntpmonitor/config.go:26.2,27.50 2 0
github.com/sigstore/timestamp-authority/pkg/ntpmonitor/config.go:31.2,31.18 1 0
github.com/sigstore/timestamp-authority/pkg/ntpmonitor/config.go:21.16,24.3 1 0
github.com/sigstore/timestamp-authority/pkg/ntpmonitor/config.go:27.50,29.3 1 0
github.com/sigstore/timestamp-authority/pkg/ntpmonitor/ntpmonitor.go:13.50,15.16 2 0
github.com/sigstore/timestamp-authority/pkg/ntpmonitor/ntpmonitor.go:18.2,18.32 1 0
github.com/sigstore/timestamp-authority/pkg/ntpmonitor/ntpmonitor.go:15.16,17.3 1 0
github.com/sigstore/timestamp-authority/pkg/ntpmonitor/ntpmonitor.go:21.45,23.2 1 0
github.com/sigstore/timestamp-authority/pkg/ntpmonitor/randomchoice.go:10.44,11.25 1 1
github.com/sigstore/timestamp-authority/pkg/ntpmonitor/randomchoice.go:15.2,15.17 1 1
github.com/sigstore/timestamp-authority/pkg/ntpmonitor/randomchoice.go:19.2,21.19 3 1
github.com/sigstore/timestamp-authority/pkg/ntpmonitor/randomchoice.go:25.2,25.6 1 1
github.com/sigstore/timestamp-authority/pkg/ntpmonitor/randomchoice.go:36.2,36.15 1 1
github.com/sigstore/timestamp-authority/pkg/ntpmonitor/randomchoice.go:11.25,13.3 1 1
github.com/sigstore/timestamp-authority/pkg/ntpmonitor/randomchoice.go:15.17,17.3 1 1
github.com/sigstore/timestamp-authority/pkg/ntpmonitor/randomchoice.go:21.19,23.3 1 1
github.com/sigstore/timestamp-authority/pkg/ntpmonitor/randomchoice.go:25.6,29.23 3 1
github.com/sigstore/timestamp-authority/pkg/ntpmonitor/randomchoice.go:33.3,33.50 1 1
github.com/sigstore/timestamp-authority/pkg/ntpmonitor/randomchoice.go:29.23,30.9 1 1
